0:00:00:00 Starting a new session
0:00:00:00 Loaded a total of 18308 password hashes with 3719 different salts
0:00:00:00 Remaining 18308 password hashes with 3719 different salts
0:00:00:00 - Hash type: Traditional DES (lengths up to 8, longer passwords split)
0:00:00:00 - Algorithm: 128/128 BS SSE2-16
0:00:00:00 - Candidate passwords will be buffered and tried in chunks of 128
0:00:00:00 - Configured to use otherwise idle processor cycles only
0:00:00:00 Proceeding with wordlist mode
0:00:00:00 - Wordlist file: /home/ron/tools/john-1.7.6/run//submissions.tmp
0:00:00:00 loading wordfile /home/ron/tools/john-1.7.6/run//submissions.tmp into memory (9 bytes, max_size=5000000)

0:00:00:00 wordfile had 2 lines and required 16 bytes for index.

0:00:00:00 - No word mangling rules
0:00:00:00 Session completed
0:00:00:00 Starting a new session
0:00:00:00 Loaded a total of 99925 password hashes with 3842 different salts
0:00:00:00 Remaining 99925 password hashes with 3842 different salts
0:00:00:00 - Hash type: Traditional DES (lengths up to 8, longer passwords split)
0:00:00:00 - Algorithm: 128/128 BS SSE2-16
0:00:00:00 - Candidate passwords will be buffered and tried in chunks of 128
0:00:00:00 - Configured to use otherwise idle processor cycles only
0:00:00:00 Proceeding with wordlist mode
0:00:00:00 - Wordlist file: /home/ron/tools/john-1.7.6/run//submissions.tmp
0:00:00:00 loading wordfile /home/ron/tools/john-1.7.6/run//submissions.tmp into memory (9 bytes, max_size=5000000)

0:00:00:00 wordfile had 2 lines and required 16 bytes for index.

0:00:00:00 - No word mangling rules
0:00:00:00 + Cracked ?
0:00:00:00 Session completed
0:00:00:00 Starting a new session
0:00:00:00 Loaded a total of 99902 password hashes with 3843 different salts
0:00:00:00 Remaining 99902 password hashes with 3843 different salts
0:00:00:00 - Hash type: Traditional DES (lengths up to 8, longer passwords split)
0:00:00:00 - Algorithm: 128/128 BS SSE2-16
0:00:00:00 - Candidate passwords will be buffered and tried in chunks of 128
0:00:00:00 - Configured to use otherwise idle processor cycles only
0:00:00:00 Proceeding with wordlist mode
0:00:00:00 - Wordlist file: /home/ron/tools/john-1.7.6/run//submissions.tmp
0:00:00:00 loading wordfile /home/ron/tools/john-1.7.6/run//submissions.tmp into memory (9 bytes, max_size=5000000)

0:00:00:00 wordfile had 2 lines and required 16 bytes for index.

0:00:00:00 - No word mangling rules
0:00:00:00 Session completed
0:00:00:00 Starting a new session
0:00:00:00 Loaded a total of 99934 password hashes with 3842 different salts
0:00:00:00 Remaining 99934 password hashes with 3842 different salts
0:00:00:00 - Hash type: Traditional DES (lengths up to 8, longer passwords split)
0:00:00:00 - Algorithm: 128/128 BS SSE2-16
0:00:00:00 - Candidate passwords will be buffered and tried in chunks of 128
0:00:00:00 - Configured to use otherwise idle processor cycles only
0:00:00:00 Proceeding with wordlist mode
0:00:00:00 - Wordlist file: /home/ron/tools/john-1.7.6/run//submissions.tmp
0:00:00:00 loading wordfile /home/ron/tools/john-1.7.6/run//submissions.tmp into memory (9 bytes, max_size=5000000)

0:00:00:00 wordfile had 2 lines and required 16 bytes for index.

0:00:00:00 - No word mangling rules
0:00:00:00 Session completed
0:00:00:00 Starting a new session
0:00:00:00 Loaded a total of 99945 password hashes with 3841 different salts
0:00:00:00 Remaining 99945 password hashes with 3841 different salts
0:00:00:00 - Hash type: Traditional DES (lengths up to 8, longer passwords split)
0:00:00:00 - Algorithm: 128/128 BS SSE2-16
0:00:00:00 - Candidate passwords will be buffered and tried in chunks of 128
0:00:00:00 - Configured to use otherwise idle processor cycles only
0:00:00:00 Proceeding with wordlist mode
0:00:00:00 - Wordlist file: /home/ron/tools/john-1.7.6/run//submissions.tmp
0:00:00:00 loading wordfile /home/ron/tools/john-1.7.6/run//submissions.tmp into memory (9 bytes, max_size=5000000)

0:00:00:00 wordfile had 2 lines and required 16 bytes for index.

0:00:00:00 - No word mangling rules
0:00:00:00 Session completed
0:00:00:00 Starting a new session
0:00:00:00 Loaded a total of 99936 password hashes with 3842 different salts
0:00:00:00 Remaining 99936 password hashes with 3842 different salts
0:00:00:00 - Hash type: Traditional DES (lengths up to 8, longer passwords split)
0:00:00:00 - Algorithm: 128/128 BS SSE2-16
0:00:00:00 - Candidate passwords will be buffered and tried in chunks of 128
0:00:00:00 - Configured to use otherwise idle processor cycles only
0:00:00:00 Proceeding with wordlist mode
0:00:00:00 - Wordlist file: /home/ron/tools/john-1.7.6/run//submissions.tmp
0:00:00:00 loading wordfile /home/ron/tools/john-1.7.6/run//submissions.tmp into memory (9 bytes, max_size=5000000)

0:00:00:00 wordfile had 2 lines and required 16 bytes for index.

0:00:00:00 - No word mangling rules
0:00:00:00 + Cracked ?
0:00:00:00 Session completed
0:00:00:00 Starting a new session
0:00:00:00 Loaded a total of 38870 password hashes with 3805 different salts
0:00:00:00 Remaining 38870 password hashes with 3805 different salts
0:00:00:00 - Hash type: Traditional DES (lengths up to 8, longer passwords split)
0:00:00:00 - Algorithm: 128/128 BS SSE2-16
0:00:00:00 - Candidate passwords will be buffered and tried in chunks of 128
0:00:00:00 - Configured to use otherwise idle processor cycles only
0:00:00:00 Proceeding with wordlist mode
0:00:00:00 - Wordlist file: /home/ron/tools/john-1.7.6/run//submissions.tmp
0:00:00:00 loading wordfile /home/ron/tools/john-1.7.6/run//submissions.tmp into memory (9 bytes, max_size=5000000)

0:00:00:00 wordfile had 2 lines and required 16 bytes for index.

0:00:00:00 - No word mangling rules
0:00:00:00 Session completed
